2023-05-04 12:20:20.285 - Info	
Packing C:\Labs\GitRepositories\BuildLab2023\LinearInputControl\solution\LinearInputControlSolution\obj\Debug\Metadata to bin\Debug\LinearInputControlSolution.zip

2023-05-04 12:20:20.301 - Info	Processing Component: Entities
2023-05-04 12:20:20.303 - Info	Processing Component: Roles
2023-05-04 12:20:20.305 - Info	Processing Component: Workflows
2023-05-04 12:20:20.306 - Info	Processing Component: FieldSecurityProfiles
2023-05-04 12:20:20.306 - Info	Processing Component: Templates
2023-05-04 12:20:20.307 - Info	Processing Component: EntityMaps
2023-05-04 12:20:20.308 - Info	Processing Component: EntityRelationships
2023-05-04 12:20:20.316 - Info	Processing Component: OrganizationSettings
2023-05-04 12:20:20.317 - Info	Processing Component: optionsets
2023-05-04 12:20:20.317 - Info	Processing Component: CustomControls
2023-05-04 12:20:20.319 - Info	Processing Component: SolutionPluginAssemblies
2023-05-04 12:20:20.320 - Info	Processing Component: EntityDataProviders
2023-05-04 12:20:20.351 - Info	
Unmanaged Pack complete.

2023-05-04 12:20:53.964 - Info	
Packing C:\Labs\GitRepositories\BuildLab2023\LinearInputControl\solution\LinearInputControlSolution\obj\Debug\Metadata to bin\Debug\LinearInputControlSolution.zip

2023-05-04 12:20:53.971 - Info	Processing Component: Entities
2023-05-04 12:20:53.973 - Info	Processing Component: Roles
2023-05-04 12:20:53.975 - Info	Processing Component: Workflows
2023-05-04 12:20:53.975 - Info	Processing Component: FieldSecurityProfiles
2023-05-04 12:20:53.976 - Info	Processing Component: Templates
2023-05-04 12:20:53.977 - Info	Processing Component: EntityMaps
2023-05-04 12:20:53.977 - Info	Processing Component: EntityRelationships
2023-05-04 12:20:53.981 - Info	Processing Component: OrganizationSettings
2023-05-04 12:20:53.981 - Info	Processing Component: optionsets
2023-05-04 12:20:53.982 - Info	Processing Component: CustomControls
2023-05-04 12:20:53.987 - Info	 - SampleNamespace.LinearInputControl
2023-05-04 12:20:53.998 - Info	Processing Component: SolutionPluginAssemblies
2023-05-04 12:20:53.999 - Info	Processing Component: EntityDataProviders
2023-05-04 12:20:54.026 - Info	
Unmanaged Pack complete.

2023-05-04 14:31:36.330 - Info	
Packing C:\Labs\GitRepositories\BuildLab2023\LinearInputControl\solution\LinearInputControlSolution\obj\Debug\Metadata to bin\Debug\LinearInputControlSolution.zip

2023-05-04 14:31:36.337 - Info	Processing Component: Entities
2023-05-04 14:31:36.339 - Info	Processing Component: Roles
2023-05-04 14:31:36.342 - Info	Processing Component: Workflows
2023-05-04 14:31:36.342 - Info	Processing Component: FieldSecurityProfiles
2023-05-04 14:31:36.343 - Info	Processing Component: Templates
2023-05-04 14:31:36.344 - Info	Processing Component: EntityMaps
2023-05-04 14:31:36.344 - Info	Processing Component: EntityRelationships
2023-05-04 14:31:36.355 - Info	Processing Component: OrganizationSettings
2023-05-04 14:31:36.355 - Info	Processing Component: optionsets
2023-05-04 14:31:36.356 - Info	Processing Component: CustomControls
2023-05-04 14:31:36.362 - Info	 - SampleNamespace.LinearInputControl
2023-05-04 14:31:36.369 - Info	Processing Component: SolutionPluginAssemblies
2023-05-04 14:31:36.370 - Info	Processing Component: EntityDataProviders
2023-05-04 14:31:36.398 - Info	
Unmanaged Pack complete.

